0 info it worked if it ends with ok
1 verbose cli [ 'node', '/home/marx/.node/bin/npm', 'start' ]
2 info using npm@3.7.1
3 info using node@v0.10.25
4 verbose node symlink /usr/bin/node
5 verbose run-script [ 'prestart', 'start', 'poststart' ]
6 info lifecycle ScreepsTypescript@0.0.0~prestart: ScreepsTypescript@0.0.0
7 silly lifecycle ScreepsTypescript@0.0.0~prestart: no script for prestart, continuing
8 info lifecycle ScreepsTypescript@0.0.0~start: ScreepsTypescript@0.0.0
9 verbose lifecycle ScreepsTypescript@0.0.0~start: unsafe-perm in lifecycle true
10 verbose lifecycle ScreepsTypescript@0.0.0~start: PATH: /home/marx/.node/lib/node_modules/npm/bin/node-gyp-bin:/var/www/Javascript/ScreepsTypescript/node_modules/.bin:/usr/bin:/home/marx/.node/bin:/usr/local/heroku/bin:/home/marx/.node/bin:/usr/local/heroku/bin:/usr/local/sbin:/usr/local/bin:/usr/sbin:/usr/bin:/sbin:/bin:/usr/games:/usr/local/games
11 verbose lifecycle ScreepsTypescript@0.0.0~start: CWD: /var/www/Javascript/ScreepsTypescript
12 silly lifecycle ScreepsTypescript@0.0.0~start: Args: [ '-c', 'gulp watch' ]
13 silly lifecycle ScreepsTypescript@0.0.0~start: Returned: code: 8  signal: null
14 info lifecycle ScreepsTypescript@0.0.0~start: Failed to exec start script
15 verbose stack Error: ScreepsTypescript@0.0.0 start: `gulp watch`
15 verbose stack Exit status 8
15 verbose stack     at EventEmitter.<anonymous> (/home/marx/.node/lib/node_modules/npm/lib/utils/lifecycle.js:239:16)
15 verbose stack     at EventEmitter.emit (events.js:98:17)
15 verbose stack     at ChildProcess.<anonymous> (/home/marx/.node/lib/node_modules/npm/lib/utils/spawn.js:24:14)
15 verbose stack     at ChildProcess.EventEmitter.emit (events.js:98:17)
15 verbose stack     at maybeClose (child_process.js:743:16)
15 verbose stack     at Process.ChildProcess._handle.onexit (child_process.js:810:5)
16 verbose pkgid ScreepsTypescript@0.0.0
17 verbose cwd /var/www/Javascript/ScreepsTypescript
18 error Linux 3.19.0-47-generic
19 error argv "node" "/home/marx/.node/bin/npm" "start"
20 error node v0.10.25
21 error npm  v3.7.1
22 error code ELIFECYCLE
23 error ScreepsTypescript@0.0.0 start: `gulp watch`
23 error Exit status 8
24 error Failed at the ScreepsTypescript@0.0.0 start script 'gulp watch'.
24 error Make sure you have the latest version of node.js and npm installed.
24 error If you do, this is most likely a problem with the ScreepsTypescript package,
24 error not with npm itself.
24 error Tell the author that this fails on your system:
24 error     gulp watch
24 error You can get information on how to open an issue for this project with:
24 error     npm bugs ScreepsTypescript
24 error Or if that isn't available, you can get their info via:
24 error     npm owner ls ScreepsTypescript
24 error There is likely additional logging output above.
25 verbose exit [ 1, true ]
